<?xml version="1.0" encoding="UTF-8"?>
<!-- Generated by org.testng.reporters.JUnitReportReporter -->
<testsuite hostname="DESKTOP-9MGGFV1" failures="0" tests="2" name="com.ifs.AutomationExerciseNew.LaunchEbay" time="9.568" errors="0" timestamp="2022-04-15T20:17:07 IST" skipped="0">
  <testcase classname="com.ifs.AutomationExerciseNew.LaunchEbay" name="setUpChrome" time="5.757"/>
  <system-out/>
  <testcase classname="com.ifs.AutomationExerciseNew.LaunchEbay" name="siteNavigation" time="3.811"/>
  <system-out/>
</testsuite> <!-- com.ifs.AutomationExerciseNew.LaunchEbay -->
