<?xml version="1.0" encoding="UTF-8"?>
<!-- Generated by org.testng.reporters.JUnitReportReporter -->
<testsuite hostname="DESKTOP-9MGGFV1" failures="0" tests="5" name="com.ifs.AutomationExerciseNew.TestNGExercise" time="51.740" errors="0" timestamp="2022-04-18T19:52:02 IST" skipped="0">
  <testcase classname="com.ifs.AutomationExerciseNew.TestNGExercise" name="setUpChrome" time="6.279"/>
  <system-out/>
  <testcase classname="com.ifs.AutomationExerciseNew.TestNGExercise" name="siteNavigation" time="4.353"/>
  <system-out/>
  <testcase classname="com.ifs.AutomationExerciseNew.TestNGExercise" name="siteLogIn" time="26.587"/>
  <system-out/>
  <testcase classname="com.ifs.AutomationExerciseNew.TestNGExercise" name="searchItem" time="3.353"/>
  <system-out/>
  <testcase classname="com.ifs.AutomationExerciseNew.TestNGExercise" name="addIeam" time="11.168"/>
  <system-out/>
</testsuite> <!-- com.ifs.AutomationExerciseNew.TestNGExercise -->
